2025-11-27 15:41:32,360 [INFO] WebApp:194 - Connection lost
2025-11-27 15:41:37,922 [INFO] WebApp:191 - Connection restablished
2025-11-27 15:41:39,990 [INFO] WebApp:194 - Connection lost
2025-11-27 15:41:40,118 [INFO] WebApp:191 - Connection restablished
2025-11-27 15:43:44,242 [INFO] MainUpdater:2872 - connection check result : 10
2025-11-27 15:43:44,358 [INFO] McuFinderGlobals:76 - Set McuFinderConnectedMode to true
2025-11-27 15:43:44,365 [INFO] MultiScanPanel:200 - Auto-refresh data requested => check proxy status ongoing
2025-11-27 15:43:44,366 [INFO] FinderPluginLoader:96 - Searching for filters in installed packs
2025-11-27 15:43:46,060 [INFO] LoadUrlFilesThread:185 - End of LoadServerUrlFiles without Thread
2025-11-27 15:43:46,061 [INFO] DetailPanel:341 - Set advertising image to /home/feelmu/STM32Cube/Repository//en.mcu-finder-preevent.jpg
2025-11-27 15:43:48,643 [INFO] MultiScanPanel:200 - Auto-refresh data requested => check proxy status ongoing
2025-11-27 15:43:48,732 [INFO] LoadUrlFilesThread:185 - End of LoadServerUrlFiles without Thread
2025-11-27 15:43:48,733 [INFO] DetailPanel:341 - Set advertising image to /home/feelmu/STM32Cube/Repository//en.mcu-finder-preevent.jpg
2025-11-27 15:44:03,723 [INFO] BoardResultTable:719 - Unmark Board NUCLEO-F401RE as favorite
2025-11-27 15:44:03,887 [INFO] BoardResultTable:719 - Mark Board NUCLEO-F401RE as favorite
2025-11-27 15:44:27,916 [INFO] MainUpdater:2872 - connection check result : 10
2025-11-27 15:44:27,916 [INFO] MainUpdater:2872 - connection check result : 10
2025-11-27 15:44:27,954 [INFO] MicroXplorer:468 - Change Database Path : 
2025-11-27 15:44:27,955 [INFO] MicroXplorer:498 - Change Database Version : DB.6.0.150
2025-11-27 15:44:27,969 [ERROR] ProjectManagerView:395 - 
java.lang.NullPointerException: Cannot invoke "javax.swing.JTextField.getText()" because the return value of "java.util.List.get(int)" is null
	at com.st.microxplorer.plugins.projectmanager.gui.ProjectChoiceTab$9.caretUpdate(ProjectChoiceTab.java:2706) ~[filemanager.jar:?]
	at javax.swing.text.JTextComponent.fireCaretUpdate(JTextComponent.java:408) ~[?:?]
	at javax.swing.text.JTextComponent$MutableCaretEvent.fire(JTextComponent.java:4484) ~[?:?]
	at javax.swing.text.JTextComponent$MutableCaretEvent.stateChanged(JTextComponent.java:4506) ~[?:?]
	at javax.swing.text.DefaultCaret.fireStateChanged(DefaultCaret.java:857) ~[?:?]
	at javax.swing.text.DefaultCaret.changeCaretPosition(DefaultCaret.java:1343) ~[?:?]
	at javax.swing.text.DefaultCaret.handleSetDot(DefaultCaret.java:1242) ~[?:?]
	at javax.swing.text.DefaultCaret.setDot(DefaultCaret.java:1223) ~[?:?]
	at javax.swing.text.DefaultCaret$Handler.insertUpdate(DefaultCaret.java:1819) ~[?:?]
	at javax.swing.text.AbstractDocument.fireInsertUpdate(AbstractDocument.java:227) ~[?:?]
	at javax.swing.text.AbstractDocument.handleInsertString(AbstractDocument.java:781) ~[?:?]
	at javax.swing.text.AbstractDocument.insertString(AbstractDocument.java:740) ~[?:?]
	at javax.swing.text.PlainDocument.insertString(PlainDocument.java:131) ~[?:?]
	at javax.swing.text.AbstractDocument.replace(AbstractDocument.java:699) ~[?:?]
	at javax.swing.text.JTextComponent.setText(JTextComponent.java:1725) ~[?:?]
	at com.st.microxplorer.plugins.projectmanager.gui.ProjectChoiceTab.createHeapStackFields(ProjectChoiceTab.java:993) ~[filemanager.jar:?]
	at com.st.microxplorer.plugins.projectmanager.gui.ProjectChoiceTab.buildLinkSettingsPanel(ProjectChoiceTab.java:3813) ~[filemanager.jar:?]
	at com.st.microxplorer.plugins.projectmanager.gui.ProjectChoiceTab.defineWindowsFields(ProjectChoiceTab.java:1987) ~[filemanager.jar:?]
	at com.st.microxplorer.plugins.projectmanager.gui.ProjectChoiceTab.updateSettings(ProjectChoiceTab.java:558) ~[filemanager.jar:?]
	at com.st.microxplorer.plugins.projectmanager.gui.ProjectSettingsPanel.UpdateDialog(ProjectSettingsPanel.java:247) ~[filemanager.jar:?]
	at com.st.microxplorer.plugins.projectmanager.ProjectManagerView.propertyChange(ProjectManagerView.java:392) ~[filemanager.jar:?]
	at java.beans.PropertyChangeSupport.fire(PropertyChangeSupport.java:343) ~[?:?]
	at java.beans.PropertyChangeSupport.firePropertyChange(PropertyChangeSupport.java:335) ~[?:?]
	at java.beans.PropertyChangeSupport.firePropertyChange(PropertyChangeSupport.java:268) ~[?:?]
	at com.st.microxplorer.util.MXPropertyChangeSupport.firePropertyChange(MXPropertyChangeSupport.java:54) ~[STM32CubeMX.jar:?]
	at com.st.microxplorer.mxsystem.MxSystem.closeConfig(MxSystem.java:899) ~[STM32CubeMX.jar:?]
	at com.st.microxplorer.maingui.MainPanel.closeConfig(MainPanel.java:792) ~[STM32CubeMX.jar:?]
	at com.st.microxplorer.plugins.filemanager.engine.OpenFileManager.loadConfigurationFile(OpenFileManager.java:288) ~[filemanager.jar:?]
	at com.st.microxplorer.plugins.filemanager.engine.MainFileManager.userLoadConfig(MainFileManager.java:364) ~[filemanager.jar:?]
	at com.st.microxplorer.plugins.filemanager.FileManagerView.getSpecificTask(FileManagerView.java:268) ~[filemanager.jar:?]
	at com.st.stm32cube.common.mx.editor.CubeMxEditor.getMxTabbedPaneInstance(CubeMxEditor.java:1191) ~[com.st.stm32cube.common.mx_6.15.0.202507011659/:?]
	at com.st.stm32cube.common.mx.editor.CubeMxEditor$12$1.createSwingComponent(CubeMxEditor.java:1068) ~[com.st.stm32cube.common.mx_6.15.0.202507011659/:?]
	at com.st.stm32cube.common.mx.oss.core.awtswtbridge.EmbeddedSwingComposite.doComponentCreation(EmbeddedSwingComposite.java:492) ~[com.st.stm32cube.common.mx.oss_6.15.0.202507011659/:?]
	at com.st.stm32cube.common.mx.oss.core.awtswtbridge.EmbeddedSwingComposite$4.run(EmbeddedSwingComposite.java:291) ~[com.st.stm32cube.common.mx.oss_6.15.0.202507011659/:?]
	at com.st.stm32cube.common.mx.oss.core.awtswtbridge.AwtEnvironment$2.run(AwtEnvironment.java:166) ~[com.st.stm32cube.common.mx.oss_6.15.0.202507011659/:?]
	at java.awt.event.InvocationEvent.dispatch(InvocationEvent.java:318) ~[?:?]
	at java.awt.EventQueue.dispatchEventImpl(EventQueue.java:773) ~[?:?]
	at java.awt.EventQueue$4.run(EventQueue.java:720) ~[?:?]
	at java.awt.EventQueue$4.run(EventQueue.java:714) ~[?:?]
	at java.security.AccessController.doPrivileged(AccessController.java:400) ~[?:?]
	at java.security.ProtectionDomain$JavaSecurityAccessImpl.doIntersectionPrivilege(ProtectionDomain.java:87) ~[?:?]
	at java.awt.EventQueue.dispatchEvent(EventQueue.java:742) ~[?:?]
	at java.awt.EventDispatchThread.pumpOneEventForFilters(EventDispatchThread.java:203) ~[?:?]
	at java.awt.EventDispatchThread.pumpEventsForFilter(EventDispatchThread.java:124) ~[?:?]
	at java.awt.EventDispatchThread.pumpEventsForHierarchy(EventDispatchThread.java:113) ~[?:?]
	at java.awt.EventDispatchThread.pumpEvents(EventDispatchThread.java:109) ~[?:?]
	at java.awt.EventDispatchThread.pumpEvents(EventDispatchThread.java:101) ~[?:?]
	at java.awt.EventDispatchThread.run(EventDispatchThread.java:90) ~[?:?]
2025-11-27 15:44:27,977 [WARN] ThirdParty:871 - waiting for thirdparty lock release [close project]
2025-11-27 15:44:27,977 [INFO] ThirdParty:873 - entering critical section [close project]
2025-11-27 15:44:27,978 [INFO] ThirdParty:883 - exiting critical section [close project]
2025-11-27 15:44:27,979 [INFO] PinOutPanel:1589 - setPackage(No Configuration,No Configuration)
2025-11-27 15:44:27,983 [WARN] IpParametersView:155 - Warning: This peripheral hasn't parameters
2025-11-27 15:44:27,988 [WARN] MainPanel:289 - <html><b><center>Warning: This peripheral has no parameters to be configured<br></b></html>
2025-11-27 15:44:27,994 [INFO] UtilMem:75 - Begin LoadConfig() Used Memory: 420379016 Bytes (814743552)
2025-11-27 15:44:27,997 [INFO] MicroXplorer:468 - Change Database Path : 
2025-11-27 15:44:27,998 [INFO] MicroXplorer:498 - Change Database Version : DB.6.0.150
2025-11-27 15:44:27,998 [INFO] OpenFileManager:355 - Change cursor
2025-11-27 15:44:28,019 [INFO] RulesReader:64 - Compatibility file has been processed (317 Rules)
2025-11-27 15:44:28,022 [INFO] Mcu:2029 - Initializing MCU STM32F401R(D-E)Tx STM32F401RETx STM32F401RET6
2025-11-27 15:44:28,590 [INFO] Context:786 - Trying to add GPIOservice into a context  which must be forbidden
2025-11-27 15:44:28,872 [INFO] Rule:233 - rule Adapt Old IOC before rework replace old CORTEX_M33/CORTEX_M55 attributes by the new one. is applicable
2025-11-27 15:44:28,872 [INFO] Rule:233 - rule Rename parametre of RCC RCC_APBDBG_DIV2 to RCC_TIMPRES_DIV2 is applicable
2025-11-27 15:44:28,872 [INFO] Rule:233 - rule Rename DIE493 pin PA10 [PA12] -> PA10 is applicable
2025-11-27 15:44:28,872 [INFO] Rule:233 - rule Rename DIE493 pin PA9 [PA11] -> PA9 is applicable
2025-11-27 15:44:28,872 [INFO] Rule:233 - rule Rename DIE492 PartNumber CPN STM32WBA5MJGHx -> STM32WBA5MMGHx is applicable
2025-11-27 15:44:28,872 [INFO] Rule:233 - rule Rename DIE492 PartNumber  Name STM32WBA5MJGHx -> STM32WBA5MMGHx is applicable
2025-11-27 15:44:28,872 [INFO] Rule:233 - rule Rename DIE492 PartNumber UserName STM32WBA5MJGHx -> STM32WBA5MMGHx is applicable
2025-11-27 15:44:28,872 [INFO] Rule:233 - rule Rename DIE492 PartNumber DeviceId STM32WBA5MJGHx -> STM32WBA5MMGHx is applicable
2025-11-27 15:44:28,872 [INFO] Rule:233 - rule Adapt Old IOC CSI. is applicable
2025-11-27 15:44:28,872 [INFO] Rule:233 - rule Adapt Old IOC DCMIPP. is applicable
2025-11-27 15:44:28,872 [INFO] Rule:233 - rule Adapt Old IOC DCMIPP Mode Parallel. is applicable
2025-11-27 15:44:28,872 [INFO] Rule:233 - rule Adapt Old IOC LTDC. is applicable
2025-11-27 15:44:28,872 [INFO] Rule:233 - rule Rename STM32MP2 RIF Peripheral LTDC RIF.RISUP.LTDC_L0L1.Privilege -> RIF.RISUP.LTDC_L1L2.Privilege is applicable
2025-11-27 15:44:28,873 [INFO] Rule:233 - rule Rename STM32MP2 RIF Peripheral LTDC RIF.RISUP.LTDC_L0L1.Privilege -> RIF.RISUP.LTDC_L1L2.Privilege is applicable
2025-11-27 15:44:28,873 [INFO] Rule:233 - rule Rename STM32MP2 RIF Peripheral LTDC RIF.RISUP.LTDC_L0L1.Lock -> RIF.RISUP.LTDC_L1L2.Lock is applicable
2025-11-27 15:44:28,873 [INFO] Rule:233 - rule Rename STM32MP2 RIF Peripheral LTDC RIF.RISUP.LTDC_L2.Lock -> RIF.RISUP.LTDC_L3.Lock is applicable
2025-11-27 15:44:28,873 [INFO] Rule:233 - rule Adapt the old IOC example for updating the SYS when it is misconfigured. is applicable
2025-11-27 15:44:28,873 [INFO] Rule:233 - rule Rename STM32C09 Mcu.Package LQFP64 -> LQFP48 is applicable
2025-11-27 15:44:28,873 [INFO] Rule:233 - rule Adapt the old IOC example for updating the SYS when it is misconfigured. is applicable
2025-11-27 15:44:28,873 [INFO] Rule:233 - rule Adapt the old IOC example for updating the SYS when it is misconfigured. is applicable
2025-11-27 15:44:28,874 [INFO] DbConfProperties:307 - Apply Compatibility (4/20 Rules)
2025-11-27 15:44:28,891 [INFO] ImportTextPane:234 - (OptionalMessage_ERROR) Pin12 (VP_RIF_VS_RIF1) cannot be retrieved for this MCU
2025-11-27 15:44:29,182 [INFO] RtosManager:558 - Registered RTOS mode: class=CMSIS, group=RTOS, mode=CMSIS_V1, owner=FREERTOS
2025-11-27 15:44:29,182 [INFO] RtosManager:558 - Registered RTOS mode: class=CMSIS, group=RTOS2, mode=CMSIS_V2, owner=FREERTOS
2025-11-27 15:44:29,182 [INFO] RtosManager:558 - Registered RTOS mode: class=RTOS, group=Core, mode=CMSIS_V1, owner=FREERTOS
2025-11-27 15:44:29,183 [INFO] RtosManager:558 - Registered RTOS mode: class=RTOS, group=Core, mode=CMSIS_V2, owner=FREERTOS
2025-11-27 15:44:29,183 [WARN] ModelIntegratedComponent:184 - Missing modes for component STMicroelectronics:FreeRTOS:0.0.1:STMicroelectronics:RTOS:FreeRTOS:Core:::10.2.0:
2025-11-27 15:44:29,193 [WARN] ModelIntegratedComponent:63 - No mode defined for component null
2025-11-27 15:44:29,193 [WARN] ModelIntegratedComponent:63 - No mode defined for component null
2025-11-27 15:44:29,193 [WARN] ModelIntegratedComponent:63 - No mode defined for component null
2025-11-27 15:44:29,193 [WARN] ModelIntegratedComponent:63 - No mode defined for component null
2025-11-27 15:44:29,193 [WARN] ModelIntegratedComponent:63 - No mode defined for component null
2025-11-27 15:44:29,193 [WARN] ModelIntegratedComponent:63 - No mode defined for component null
2025-11-27 15:44:29,193 [WARN] ModelIntegratedComponent:63 - No mode defined for component null
2025-11-27 15:44:29,193 [WARN] ModelIntegratedComponent:63 - No mode defined for component null
2025-11-27 15:44:29,193 [WARN] ModelIntegratedComponent:63 - No mode defined for component null
2025-11-27 15:44:29,194 [WARN] ModelIntegratedComponent:63 - No mode defined for component null
2025-11-27 15:44:29,194 [WARN] ModelIntegratedComponent:63 - No mode defined for component null
2025-11-27 15:44:29,194 [WARN] ModelIntegratedComponent:63 - No mode defined for component null
2025-11-27 15:44:29,194 [WARN] ModelIntegratedComponent:63 - No mode defined for component null
2025-11-27 15:44:29,194 [WARN] ModelIntegratedComponent:63 - No mode defined for component null
2025-11-27 15:44:29,194 [WARN] ModelIntegratedComponent:63 - No mode defined for component null
2025-11-27 15:44:29,194 [WARN] ModelIntegratedComponent:63 - No mode defined for component null
2025-11-27 15:44:29,194 [WARN] ModelIntegratedComponent:63 - No mode defined for component null
2025-11-27 15:44:29,194 [WARN] ModelIntegratedComponent:63 - No mode defined for component null
2025-11-27 15:44:29,194 [WARN] ModelIntegratedComponent:63 - No mode defined for component null
2025-11-27 15:44:29,194 [WARN] ModelIntegratedComponent:63 - No mode defined for component null
2025-11-27 15:44:29,194 [WARN] ModelIntegratedComponent:63 - No mode defined for component null
2025-11-27 15:44:29,194 [WARN] ModelIntegratedComponent:63 - No mode defined for component null
2025-11-27 15:44:29,194 [WARN] ModelIntegratedComponent:63 - No mode defined for component null
2025-11-27 15:44:29,194 [WARN] ModelIntegratedComponent:63 - No mode defined for component null
2025-11-27 15:44:29,194 [WARN] ModelIntegratedComponent:63 - No mode defined for component null
2025-11-27 15:44:29,194 [WARN] ModelIntegratedComponent:63 - No mode defined for component null
2025-11-27 15:44:29,194 [WARN] ModelIntegratedComponent:63 - No mode defined for component null
2025-11-27 15:44:29,194 [WARN] ModelIntegratedComponent:63 - No mode defined for component null
2025-11-27 15:44:29,194 [WARN] ModelIntegratedComponent:63 - No mode defined for component null
2025-11-27 15:44:29,194 [WARN] ModelIntegratedComponent:63 - No mode defined for component null
2025-11-27 15:44:29,194 [WARN] ModelIntegratedComponent:63 - No mode defined for component null
2025-11-27 15:44:29,194 [WARN] ModelIntegratedComponent:63 - No mode defined for component null
2025-11-27 15:44:29,194 [WARN] ModelIntegratedComponent:63 - No mode defined for component null
2025-11-27 15:44:29,195 [WARN] ModelIntegratedComponent:63 - No mode defined for component null
2025-11-27 15:44:29,195 [WARN] ModelIntegratedComponent:63 - No mode defined for component null
2025-11-27 15:44:29,195 [WARN] ModelPack:524 - Component already loaded: STMicroelectronics:HAL Drivers:0.0.0:STMicroelectronics:Device:STMicro_Driver:XSPI:HAL::0.0.1:HAL_XSPI
2025-11-27 15:44:29,428 [INFO] ThirdPartyModel:298 - Start build external matchings
2025-11-27 15:44:30,222 [INFO] ThirdPartyModel:316 - End build external matchings
2025-11-27 15:44:30,232 [INFO] ImportTextPane:234 - (OptionalMessage_ERROR) IP (RCC) : Parameter (RTCHSEDivFreq_Value) has invalid value (4000000)
2025-11-27 15:44:30,314 [INFO] UtilMem:75 - End LoadConfig() Used Memory: 662407632 Bytes (814743552)
2025-11-27 15:44:30,333 [WARN] ThirdParty:833 - waiting for thirdparty lock release [change project]
2025-11-27 15:44:30,333 [INFO] ThirdParty:835 - entering critical section [change project]
2025-11-27 15:44:30,333 [INFO] ThirdParty:1030 - CMSIS Pack Vendor :STMicroelectronics X-CUBE-PM33A1 1.0.0
2025-11-27 15:44:30,333 [INFO] ThirdParty:1030 - CMSIS Pack Vendor :STMicroelectronics USBPD 4.1
2025-11-27 15:44:30,333 [INFO] ThirdParty:1030 - CMSIS Pack Vendor :STMicroelectronics X-CUBE-NFC9 1.0.0
2025-11-27 15:44:30,333 [INFO] ThirdParty:1030 - CMSIS Pack Vendor :STMicroelectronics USB_HOST 2.0.0
2025-11-27 15:44:30,333 [INFO] ThirdParty:1030 - CMSIS Pack Vendor :STMicroelectronics FP-SNS-MOTENVWB1 1.4.0
2025-11-27 15:44:30,333 [INFO] ThirdParty:1030 - CMSIS Pack Vendor :STMicroelectronics X-CUBE-AZRTOS-F4 1.1.0
2025-11-27 15:44:30,333 [INFO] ThirdParty:1030 - CMSIS Pack Vendor :STMicroelectronics LIBJPEG 8.0.0
2025-11-27 15:44:30,334 [INFO] ThirdParty:1030 - CMSIS Pack Vendor :STMicroelectronics FP-ATR-ASTRA1 2.0.2
2025-11-27 15:44:30,334 [INFO] ThirdParty:1030 - CMSIS Pack Vendor :wolfSSL I-CUBE-wolfSSL 5.8.2
2025-11-27 15:44:30,334 [INFO] ThirdParty:1030 - CMSIS Pack Vendor :STMicroelectronics X-CUBE-BLE1 7.1.0
2025-11-27 15:44:30,334 [INFO] ThirdParty:1030 - CMSIS Pack Vendor :STMicroelectronics X-CUBE-SMBUS 2.1.0
2025-11-27 15:44:30,334 [INFO] ThirdParty:1030 - CMSIS Pack Vendor :wolfSSL I-CUBE-wolfMQTT 1.19.2
2025-11-27 15:44:30,334 [INFO] ThirdParty:1030 - CMSIS Pack Vendor :STMicroelectronics USB_DEVICE 3.0.0
2025-11-27 15:44:30,334 [INFO] ThirdParty:1030 - CMSIS Pack Vendor :STMicroelectronics X-CUBE-ISPU 2.1.0
2025-11-27 15:44:30,334 [INFO] ThirdParty:1030 - CMSIS Pack Vendor :STMicroelectronics X-CUBE-FREERTOS 1.4.0
2025-11-27 15:44:30,334 [INFO] ThirdParty:1030 - CMSIS Pack Vendor :STMicroelectronics X-CUBE-EEPRMA1 5.2.0
2025-11-27 15:44:30,334 [INFO] ThirdParty:1030 - CMSIS Pack Vendor :STMicroelectronics X-CUBE-IPS 3.2.0
2025-11-27 15:44:30,334 [INFO] ThirdParty:1030 - CMSIS Pack Vendor :STMicroelectronics X-CUBE-BLEMGR 4.1.0
2025-11-27 15:44:30,334 [INFO] ThirdParty:1030 - CMSIS Pack Vendor :STMicroelectronics X-CUBE-AZRTOS-WB 2.0.0
2025-11-27 15:44:30,334 [INFO] ThirdParty:1030 - CMSIS Pack Vendor :STMicroelectronics X-CUBE-NFC12 1.0.0
2025-11-27 15:44:30,334 [INFO] ThirdParty:1030 - CMSIS Pack Vendor :STMicroelectronics X-CUBE-AZRTOS-F7 1.1.0
2025-11-27 15:44:30,334 [INFO] ThirdParty:1030 - CMSIS Pack Vendor :STMicroelectronics X-CUBE-AZRTOS-L5 2.0.0
2025-11-27 15:44:30,334 [INFO] ThirdParty:1030 - CMSIS Pack Vendor :STMicroelectronics USB_DEVICE 2.0.0
2025-11-27 15:44:30,334 [INFO] ThirdParty:1030 - CMSIS Pack Vendor :STMicroelectronics X-CUBE-NFC6 3.1.0
2025-11-27 15:44:30,334 [INFO] ThirdParty:1030 - CMSIS Pack Vendor :STMicroelectronics X-CUBE-ST67W61 1.1.0
2025-11-27 15:44:30,334 [INFO] ThirdParty:1030 - CMSIS Pack Vendor :Cesanta I-CUBE-Mongoose 7.19.0
2025-11-27 15:44:30,334 [INFO] ThirdParty:1030 - CMSIS Pack Vendor :quantropi X-CUBE-qispace-sdk-base 2.1.0
2025-11-27 15:44:30,334 [INFO] ThirdParty:1030 - CMSIS Pack Vendor :STMicroelectronics X-CUBE-MEMS1 12.0.0
2025-11-27 15:44:30,335 [INFO] ThirdParty:1030 - CMSIS Pack Vendor :STMicroelectronics FP-SNS-MOTENV1 5.1.0
2025-11-27 15:44:30,335 [INFO] ThirdParty:1030 - CMSIS Pack Vendor :STMicroelectronics FreeRTOS 0.0.1
2025-11-27 15:44:30,335 [INFO] ThirdParty:1030 - CMSIS Pack Vendor :STMicroelectronics X-CUBE-AZRTOS-G0 1.1.0
2025-11-27 15:44:30,335 [INFO] ThirdParty:1030 - CMSIS Pack Vendor :STMicroelectronics X-CUBE-NFC4 3.0.0
2025-11-27 15:44:30,335 [INFO] ThirdParty:1030 - CMSIS Pack Vendor :STMicroelectronics X-CUBE-SUBG2 5.0.0
2025-11-27 15:44:30,335 [INFO] ThirdParty:1030 - CMSIS Pack Vendor :STMicroelectronics X-CUBE-AZRTOS-H7RS 1.1.0
2025-11-27 15:44:30,335 [INFO] ThirdParty:1030 - CMSIS Pack Vendor :STMicroelectronics STM32_WPAN 1.0.0
2025-11-27 15:44:30,335 [INFO] ThirdParty:1030 - CMSIS Pack Vendor :EmbeddedOffice I-CUBE-FS-RTOS 1.0.1
2025-11-27 15:44:30,335 [INFO] ThirdParty:1030 - CMSIS Pack Vendor :STMicroelectronics lwIP 2.0.3
2025-11-27 15:44:30,335 [INFO] ThirdParty:1030 - CMSIS Pack Vendor :WES I-CUBE-Cesium 1.4.0
2025-11-27 15:44:30,335 [INFO] ThirdParty:1030 - CMSIS Pack Vendor :STMicroelectronics USB_HOST 1.0.0
2025-11-27 15:44:30,335 [INFO] ThirdParty:1030 - CMSIS Pack Vendor :Infineon AIROC-Wi-Fi-Bluetooth-STM32 1.7.1
2025-11-27 15:44:30,335 [INFO] ThirdParty:1030 - CMSIS Pack Vendor :STMicroelectronics X-CUBE-AZRTOS-G4 2.0.0
2025-11-27 15:44:30,335 [INFO] ThirdParty:1030 - CMSIS Pack Vendor :STMicroelectronics X-CUBE-WB05N 2.0.0
2025-11-27 15:44:30,335 [INFO] ThirdParty:1030 - CMSIS Pack Vendor :STMicroelectronics PDM2PCM 3.1.0
2025-11-27 15:44:30,335 [INFO] ThirdParty:1030 - CMSIS Pack Vendor :STMicroelectronics PDM2PCM 3.3.0
2025-11-27 15:44:30,335 [INFO] ThirdParty:1030 - CMSIS Pack Vendor :wolfSSL I-CUBE-wolfTPM 3.8.0
2025-11-27 15:44:30,335 [INFO] ThirdParty:1030 - CMSIS Pack Vendor :STMicroelectronics X-CUBE-AZRTOS-H7 3.4.0
2025-11-27 15:44:30,335 [INFO] ThirdParty:1030 - CMSIS Pack Vendor :STMicroelectronics X-CUBE-DISPLAY 3.0.0
2025-11-27 15:44:30,336 [INFO] ThirdParty:1030 - CMSIS Pack Vendor :wolfSSL I-CUBE-wolfSSH 1.4.20
2025-11-27 15:44:30,336 [INFO] ThirdParty:1030 - CMSIS Pack Vendor :STMicroelectronics X-CUBE-NFC7 2.0.0
2025-11-27 15:44:30,336 [INFO] ThirdParty:1030 - CMSIS Pack Vendor :STMicroelectronics X-CUBE-TCPP 4.2.0
2025-11-27 15:44:30,336 [INFO] ThirdParty:1030 - CMSIS Pack Vendor :RealThread X-CUBE-RT-Thread_Nano 4.1.1
2025-11-27 15:44:30,336 [INFO] ThirdParty:1030 - CMSIS Pack Vendor :STMicroelectronics FP-ATR-SIGFOX1 3.2.0
2025-11-27 15:44:30,336 [INFO] ThirdParty:1030 - CMSIS Pack Vendor :STMicroelectronics X-CUBE-NFC10 1.0.0
2025-11-27 15:44:30,336 [INFO] ThirdParty:1030 - CMSIS Pack Vendor :STMicroelectronics X-CUBE-FREERTOS 1.3.1
2025-11-27 15:44:30,336 [INFO] ThirdParty:1030 - CMSIS Pack Vendor :STMicroelectronics HAL Drivers 0.0.0
2025-11-27 15:44:30,336 [INFO] ThirdParty:1030 - CMSIS Pack Vendor :STMicroelectronics MBEDTLS 2.16.2
2025-11-27 15:44:30,336 [INFO] ThirdParty:1030 - CMSIS Pack Vendor :STMicroelectronics X-CUBE-ST60 1.1.0
2025-11-27 15:44:30,337 [INFO] ThirdParty:1030 - CMSIS Pack Vendor :STMicroelectronics X-CUBE-ALS 1.0.2
2025-11-27 15:44:30,337 [INFO] ThirdParty:1030 - CMSIS Pack Vendor :emotas I-CUBE-CANOPEN 1.3.0
2025-11-27 15:44:30,337 [INFO] ThirdParty:1030 - CMSIS Pack Vendor :STMicroelectronics MBEDTLS 2.14.1
2025-11-27 15:44:30,337 [INFO] ThirdParty:1030 - CMSIS Pack Vendor :STMicroelectronics X-CUBE-GNSS1 7.1.0
2025-11-27 15:44:30,337 [INFO] ThirdParty:1030 - CMSIS Pack Vendor :ITTIA_DB I-CUBE-ITTIADB 8.9.0
2025-11-27 15:44:30,337 [INFO] ThirdParty:1030 - CMSIS Pack Vendor :STMicroelectronics X-CUBE-TOUCHGFX 4.26.0
2025-11-27 15:44:30,337 [INFO] ThirdParty:1030 - CMSIS Pack Vendor :STMicroelectronics X-CUBE-STSE01 1.0.0
2025-11-27 15:44:30,337 [INFO] ThirdParty:1030 - CMSIS Pack Vendor :STMicroelectronics FP-SNS-STBOX1 2.1.0
2025-11-27 15:44:30,337 [INFO] ThirdParty:1030 - CMSIS Pack Vendor :STMicroelectronics X-CUBE-AI 10.2.0
2025-11-27 15:44:30,337 [INFO] ThirdParty:1030 - CMSIS Pack Vendor :STMicroelectronics FP-SNS-STAIOTCFT 1.0.0
2025-11-27 15:44:30,337 [INFO] ThirdParty:1030 - CMSIS Pack Vendor :STMicroelectronics ThreadX 1.0.0
2025-11-27 15:44:30,337 [INFO] ThirdParty:1030 - CMSIS Pack Vendor :STMicroelectronics FP-SNS-SMARTAG2 1.2.0
2025-11-27 15:44:30,337 [INFO] ThirdParty:1030 - CMSIS Pack Vendor :STMicroelectronics FP-SNS-FLIGHT1 5.1.0
2025-11-27 15:44:30,337 [INFO] ThirdParty:1030 - CMSIS Pack Vendor :STMicroelectronics X-CUBE-AZRTOS-WL 2.0.0
2025-11-27 15:44:30,337 [INFO] ThirdParty:1030 - CMSIS Pack Vendor :SEGGER I-CUBE-embOS 1.3.1
2025-11-27 15:44:30,337 [INFO] ThirdParty:1030 - CMSIS Pack Vendor :STMicroelectronics X-CUBE-ALGOBUILD 1.4.0
2025-11-27 15:44:30,337 [INFO] ThirdParty:1030 - CMSIS Pack Vendor :STMicroelectronics X-CUBE-DPower 1.3.0
2025-11-27 15:44:30,337 [INFO] ThirdParty:1030 - CMSIS Pack Vendor :STMicroelectronics X-CUBE-MEMS1 11.3.0
2025-11-27 15:44:30,337 [INFO] ThirdParty:1030 - CMSIS Pack Vendor :STMicroelectronics USB_DEVICE 1.0.0
2025-11-27 15:44:30,337 [INFO] ThirdParty:1030 - CMSIS Pack Vendor :STMicroelectronics X-CUBE-AZRTOS-H7RS 1.2.0
2025-11-27 15:44:30,337 [INFO] ThirdParty:1030 - CMSIS Pack Vendor :STMicroelectronics X-CUBE-AZRTOS-L4 2.0.0
2025-11-27 15:44:30,337 [INFO] ThirdParty:1030 - CMSIS Pack Vendor :STMicroelectronics ThreadX 0.0.2
2025-11-27 15:44:30,338 [INFO] ThirdParty:1030 - CMSIS Pack Vendor :STMicroelectronics lwIP 2.1.2
2025-11-27 15:44:30,338 [INFO] ThirdParty:1030 - CMSIS Pack Vendor :STMicroelectronics X-CUBE-SFXS2LP1 4.0.0
2025-11-27 15:44:30,338 [INFO] ThirdParty:1030 - CMSIS Pack Vendor :STMicroelectronics X-CUBE-BLE2 3.3.0
2025-11-27 15:44:30,338 [INFO] ThirdParty:1030 - CMSIS Pack Vendor :Avnet-IOTCONNECT X-CUBE-iotc-st67-sdk 1.0.0
2025-11-27 15:44:30,338 [INFO] ThirdParty:1030 - CMSIS Pack Vendor :STMicroelectronics X-CUBE-TOF1 3.4.3
2025-11-27 15:44:30,338 [INFO] ThirdParty:1030 - CMSIS Pack Vendor :STMicroelectronics PDM2PCM 3.2.0
2025-11-27 15:44:30,338 [INFO] ThirdParty:841 - exiting critical section [change project]
2025-11-27 15:44:30,523 [INFO] PinOutPanel:1589 - setPackage(No Configuration,No Configuration)
2025-11-27 15:44:30,523 [INFO] PinOutPanel:1589 - setPackage(STM32F401RETx,LQFP64)
2025-11-27 15:44:30,897 [INFO] UtilMem:75 - Before build in PCC Used Memory: 375855904 Bytes (814743552)
2025-11-27 15:44:31,051 [INFO] UtilMem:75 - After build in PCC Used Memory: 422179952 Bytes (814743552)
2025-11-27 15:44:31,070 [INFO] IPUIPlugin:80 - create IPUIPlugin
2025-11-27 15:44:31,071 [INFO] IPUIPlugin:80 - create IPUIPlugin
2025-11-27 15:44:31,071 [INFO] IPUIPlugin:80 - create IPUIPlugin
2025-11-27 15:44:31,071 [INFO] IPUIPlugin:80 - create IPUIPlugin
2025-11-27 15:44:31,071 [INFO] IPUIPlugin:80 - create IPUIPlugin
2025-11-27 15:44:31,072 [INFO] IPUIPlugin:80 - create IPUIPlugin
2025-11-27 15:44:31,072 [INFO] IPUIPlugin:80 - create IPUIPlugin
2025-11-27 15:44:31,072 [INFO] IPUIPlugin:80 - create IPUIPlugin
2025-11-27 15:44:31,072 [INFO] IPUIPlugin:80 - create IPUIPlugin
2025-11-27 15:44:31,072 [INFO] IPUIPlugin:80 - create IPUIPlugin
2025-11-27 15:44:31,072 [INFO] IPUIPlugin:80 - create IPUIPlugin
2025-11-27 15:44:31,072 [INFO] IPUIPlugin:80 - create IPUIPlugin
2025-11-27 15:44:31,072 [INFO] IPUIPlugin:80 - create IPUIPlugin
2025-11-27 15:44:31,073 [INFO] IPUIPlugin:80 - create IPUIPlugin
2025-11-27 15:44:31,073 [INFO] IPUIPlugin:80 - create IPUIPlugin
2025-11-27 15:44:31,073 [INFO] IPUIPlugin:80 - create IPUIPlugin
2025-11-27 15:44:31,073 [INFO] IPUIPlugin:80 - create IPUIPlugin
2025-11-27 15:44:31,073 [INFO] IPUIPlugin:80 - create IPUIPlugin
2025-11-27 15:44:31,073 [INFO] IPUIPlugin:80 - create IPUIPlugin
2025-11-27 15:44:31,074 [INFO] IPUIPlugin:80 - create IPUIPlugin
2025-11-27 15:44:31,074 [INFO] IPUIPlugin:80 - create IPUIPlugin
2025-11-27 15:44:31,074 [INFO] IPUIPlugin:80 - create IPUIPlugin
2025-11-27 15:44:31,074 [INFO] IPUIPlugin:80 - create IPUIPlugin
2025-11-27 15:44:31,074 [INFO] IPUIPlugin:80 - create IPUIPlugin
2025-11-27 15:44:31,074 [INFO] IPUIPlugin:80 - create IPUIPlugin
2025-11-27 15:44:31,075 [INFO] IPUIPlugin:80 - create IPUIPlugin
2025-11-27 15:44:31,075 [INFO] IPUIPlugin:80 - create IPUIPlugin
2025-11-27 15:44:31,075 [INFO] IPUIPlugin:80 - create IPUIPlugin
2025-11-27 15:44:31,075 [INFO] IPUIPlugin:80 - create IPUIPlugin
2025-11-27 15:44:31,075 [INFO] IPUIPlugin:80 - create IPUIPlugin
2025-11-27 15:44:31,075 [INFO] IPUIPlugin:80 - create IPUIPlugin
2025-11-27 15:44:31,075 [INFO] IPUIPlugin:80 - create IPUIPlugin
2025-11-27 15:44:31,076 [INFO] IPUIPlugin:80 - create IPUIPlugin
2025-11-27 15:44:31,076 [INFO] IPUIPlugin:80 - create IPUIPlugin
2025-11-27 15:44:31,076 [INFO] IPUIPlugin:80 - create IPUIPlugin
2025-11-27 15:44:31,076 [INFO] IPUIPlugin:80 - create IPUIPlugin
2025-11-27 15:44:31,077 [INFO] IPUIPlugin:80 - create IPUIPlugin
2025-11-27 15:44:31,077 [INFO] IPUIPlugin:80 - create IPUIPlugin
2025-11-27 15:44:31,079 [INFO] ApiDbMcu:532 - Load IP Config File for PDM2PCM
2025-11-27 15:44:31,113 [INFO] CADModel:165 - CPN selected for project levelSTM32F401RET6
2025-11-27 15:44:31,113 [INFO] CADModel:114 - Register for checkConnection events
2025-11-27 15:44:31,149 [INFO] OpenFileManager:386 - Restore cursor
2025-11-27 15:44:31,410 [INFO] UtilMem:75 - End SaveConfig() Used Memory: 511644448 Bytes (814743552)
2025-11-27 15:44:31,444 [INFO] UtilMem:75 - End SaveConfig() Used Memory: 525802272 Bytes (814743552)
2025-11-27 15:44:31,781 [INFO] BlockDiagram:2775 - set Specific Code input for plugin: NVIC
2025-11-27 15:44:31,781 [INFO] BlockDiagram:2775 - set Specific Code input for plugin: USART
2025-11-27 15:44:31,781 [INFO] BlockDiagram:2775 - set Specific Code input for plugin: SYS
2025-11-27 15:44:31,781 [INFO] BlockDiagram:2775 - set Specific Code input for plugin: GPIO
2025-11-27 15:44:31,781 [INFO] BlockDiagram:2775 - set Specific Code input for plugin: RCC
2025-11-27 15:44:31,781 [INFO] CodeGenerator:892 - code generatio: config db path: /opt/st/stm32cubeide_1.19.0/plugins/com.st.stm32cube.common.mx_6.15.0.202507011659//db/
2025-11-27 15:44:31,842 [INFO] CodeEngine:265 - oldGeneratedFile, /home/feelmu/STM32_Code/stm32/Week2_Timers_PWM/02_Timer2/MXTmpFiles/license.tmp_save
2025-11-27 15:44:31,999 [INFO] CodeEngine:289 - Generated code: /home/feelmu/STM32_Code/stm32/Week2_Timers_PWM/02_Timer2/MXTmpFiles/license.tmp
2025-11-27 15:44:32,014 [INFO] CodeEngine:265 - oldGeneratedFile, /home/feelmu/STM32_Code/stm32/Week2_Timers_PWM/02_Timer2/MXTmpFiles/gpio.tmp_save
2025-11-27 15:44:32,107 [INFO] CodeEngine:289 - Generated code: /home/feelmu/STM32_Code/stm32/Week2_Timers_PWM/02_Timer2/MXTmpFiles/gpio.tmp
2025-11-27 15:44:32,130 [INFO] CodeEngine:265 - oldGeneratedFile, /home/feelmu/STM32_Code/stm32/Week2_Timers_PWM/02_Timer2/Core/Src/stm32f4xx_it.c_save
2025-11-27 15:44:32,334 [INFO] CodeEngine:289 - Generated code: /home/feelmu/STM32_Code/stm32/Week2_Timers_PWM/02_Timer2/Core/Src/stm32f4xx_it.c
2025-11-27 15:44:32,336 [INFO] CodeEngine:265 - oldGeneratedFile, /home/feelmu/STM32_Code/stm32/Week2_Timers_PWM/02_Timer2/Core/Inc/stm32f4xx_it.h_save
2025-11-27 15:44:32,406 [INFO] CodeEngine:289 - Generated code: /home/feelmu/STM32_Code/stm32/Week2_Timers_PWM/02_Timer2/Core/Inc/stm32f4xx_it.h
2025-11-27 15:44:32,409 [INFO] CodeEngine:265 - oldGeneratedFile, /home/feelmu/STM32_Code/stm32/Week2_Timers_PWM/02_Timer2/Core/Src/stm32f4xx_hal_msp.c_save
2025-11-27 15:44:32,523 [INFO] CodeEngine:289 - Generated code: /home/feelmu/STM32_Code/stm32/Week2_Timers_PWM/02_Timer2/Core/Src/stm32f4xx_hal_msp.c
2025-11-27 15:44:32,524 [INFO] CodeEngine:265 - oldGeneratedFile, /home/feelmu/STM32_Code/stm32/Week2_Timers_PWM/02_Timer2/MXTmpFiles/system.tmp_save
2025-11-27 15:44:32,583 [INFO] CodeEngine:289 - Generated code: /home/feelmu/STM32_Code/stm32/Week2_Timers_PWM/02_Timer2/MXTmpFiles/system.tmp
2025-11-27 15:44:32,585 [INFO] CodeEngine:321 - oldGeneratedFile, /home/feelmu/STM32_Code/stm32/Week2_Timers_PWM/02_Timer2/Core/Inc/stm32f4xx_hal_conf.h_save
2025-11-27 15:44:32,655 [INFO] CodeEngine:345 - Generated code: /home/feelmu/STM32_Code/stm32/Week2_Timers_PWM/02_Timer2/Core/Inc/stm32f4xx_hal_conf.h
2025-11-27 15:44:32,670 [INFO] ApiDbMcu:532 - Load IP Config File for USART2
2025-11-27 15:44:32,673 [INFO] ApiDbMcu:532 - Load IP Config File for RCC
2025-11-27 15:44:32,676 [INFO] CodeEngine:265 - oldGeneratedFile, /home/feelmu/STM32_Code/stm32/Week2_Timers_PWM/02_Timer2/Core/Inc/main.h_save
2025-11-27 15:44:32,757 [INFO] CodeEngine:289 - Generated code: /home/feelmu/STM32_Code/stm32/Week2_Timers_PWM/02_Timer2/Core/Inc/main.h
2025-11-27 15:44:32,759 [INFO] CodeEngine:265 - oldGeneratedFile, /home/feelmu/STM32_Code/stm32/Week2_Timers_PWM/02_Timer2/Core/Src/main.c_save
2025-11-27 15:44:32,827 [INFO] CodeEngine:289 - Generated code: /home/feelmu/STM32_Code/stm32/Week2_Timers_PWM/02_Timer2/Core/Src/main.c
2025-11-27 15:44:32,952 [INFO] ProjectBuilder:3606 - Time for Copy HAL[1] : 10mS.
2025-11-27 15:44:32,953 [INFO] ProjectBuilder:5216 - Project Generator version: 4.7.0-B52
2025-11-27 15:44:33,005 [INFO] ConfigFileManager:1595 - The Die is : DIE433
2025-11-27 15:44:33,007 [INFO] ApiDbMcu:532 - Load IP Config File for FATFS
2025-11-27 15:44:33,010 [INFO] ApiDbMcu:532 - Load IP Config File for FREERTOS
2025-11-27 15:44:33,011 [INFO] ApiDbMcu:532 - Load IP Config File for LIBJPEG
2025-11-27 15:44:33,014 [INFO] ApiDbMcu:532 - Load IP Config File for MBEDTLS
2025-11-27 15:44:33,019 [INFO] ApiDbMcu:532 - Load IP Config File for USB_DEVICE
2025-11-27 15:44:33,021 [INFO] ApiDbMcu:532 - Load IP Config File for USB_HOST
2025-11-27 15:44:34,211 [INFO] ProjectBuilder:5496 - Time for Generating toolchain IDE Files: 1258mS.
2025-11-27 15:44:34,212 [INFO] ProjectBuilder:3463 - Time for Copy CMSIS : 1mS.
2025-11-27 15:44:34,212 [INFO] ProjectBuilder:3463 - Time for Copy CMSIS : 0mS.
2025-11-27 15:44:34,879 [INFO] McuFinderGlobals:76 - Set McuFinderConnectedMode to true
2025-11-27 15:44:34,884 [INFO] ApiDb:448 - Save user favorites file /home/feelmu/.stm32cubeide/favorites.mcus.txt: 0 item(s)
2025-11-27 15:44:34,884 [INFO] ApiDb:452 - User favorites MCUs=[]
2025-11-27 15:44:34,886 [INFO] ApiDb:448 - Save user favorites file /home/feelmu/.stm32cubeide/favorites.boards.txt: 1 item(s)
2025-11-27 15:44:34,886 [INFO] ApiDb:452 - User favorites Boards=[NUCLEO-F401RE]
2025-11-27 15:47:19,118 [INFO] NvicIntPanel:101 - NVIC parent = com.st.microxplorer.plugins.ip.nvic.MultiNvicIntPanel[,0,0,0x0,invalid,layout=javax.swing.BoxLayout,alignmentX=0.0,alignmentY=0.0,border=,flags=9,maximumSize=,minimumSize=,preferredSize=]
2025-11-27 15:47:37,994 [INFO] UtilMem:75 - End SaveConfig() Used Memory: 668497744 Bytes (814743552)
2025-11-27 15:47:41,968 [INFO] UtilMem:75 - End SaveConfig() Used Memory: 716470112 Bytes (814743552)
2025-11-27 15:47:42,041 [INFO] BlockDiagram:2775 - set Specific Code input for plugin: NVIC
2025-11-27 15:47:42,041 [INFO] BlockDiagram:2775 - set Specific Code input for plugin: USART
2025-11-27 15:47:42,041 [INFO] BlockDiagram:2775 - set Specific Code input for plugin: SYS
2025-11-27 15:47:42,042 [INFO] BlockDiagram:2775 - set Specific Code input for plugin: GPIO
2025-11-27 15:47:42,042 [INFO] BlockDiagram:2775 - set Specific Code input for plugin: RCC
2025-11-27 15:47:42,042 [INFO] CodeGenerator:892 - code generatio: config db path: /opt/st/stm32cubeide_1.19.0/plugins/com.st.stm32cube.common.mx_6.15.0.202507011659//db/
2025-11-27 15:47:42,117 [INFO] CodeEngine:265 - oldGeneratedFile, /home/feelmu/STM32_Code/stm32/Week2_Timers_PWM/02_Timer2/MXTmpFiles/license.tmp_save
2025-11-27 15:47:42,156 [INFO] CodeEngine:289 - Generated code: /home/feelmu/STM32_Code/stm32/Week2_Timers_PWM/02_Timer2/MXTmpFiles/license.tmp
2025-11-27 15:47:42,163 [INFO] CodeEngine:265 - oldGeneratedFile, /home/feelmu/STM32_Code/stm32/Week2_Timers_PWM/02_Timer2/MXTmpFiles/gpio.tmp_save
2025-11-27 15:47:42,209 [INFO] CodeEngine:289 - Generated code: /home/feelmu/STM32_Code/stm32/Week2_Timers_PWM/02_Timer2/MXTmpFiles/gpio.tmp
2025-11-27 15:47:42,230 [INFO] CodeEngine:265 - oldGeneratedFile, /home/feelmu/STM32_Code/stm32/Week2_Timers_PWM/02_Timer2/Core/Src/stm32f4xx_it.c_save
2025-11-27 15:47:42,282 [INFO] CodeEngine:289 - Generated code: /home/feelmu/STM32_Code/stm32/Week2_Timers_PWM/02_Timer2/Core/Src/stm32f4xx_it.c
2025-11-27 15:47:42,283 [INFO] CodeEngine:265 - oldGeneratedFile, /home/feelmu/STM32_Code/stm32/Week2_Timers_PWM/02_Timer2/Core/Inc/stm32f4xx_it.h_save
2025-11-27 15:47:42,319 [INFO] CodeEngine:289 - Generated code: /home/feelmu/STM32_Code/stm32/Week2_Timers_PWM/02_Timer2/Core/Inc/stm32f4xx_it.h
2025-11-27 15:47:42,322 [INFO] CodeEngine:265 - oldGeneratedFile, /home/feelmu/STM32_Code/stm32/Week2_Timers_PWM/02_Timer2/Core/Src/stm32f4xx_hal_msp.c_save
2025-11-27 15:47:42,377 [INFO] CodeEngine:289 - Generated code: /home/feelmu/STM32_Code/stm32/Week2_Timers_PWM/02_Timer2/Core/Src/stm32f4xx_hal_msp.c
2025-11-27 15:47:42,379 [INFO] CodeEngine:265 - oldGeneratedFile, /home/feelmu/STM32_Code/stm32/Week2_Timers_PWM/02_Timer2/MXTmpFiles/system.tmp_save
2025-11-27 15:47:42,415 [INFO] CodeEngine:289 - Generated code: /home/feelmu/STM32_Code/stm32/Week2_Timers_PWM/02_Timer2/MXTmpFiles/system.tmp
2025-11-27 15:47:42,417 [INFO] CodeEngine:321 - oldGeneratedFile, /home/feelmu/STM32_Code/stm32/Week2_Timers_PWM/02_Timer2/Core/Inc/stm32f4xx_hal_conf.h_save
2025-11-27 15:47:42,457 [INFO] CodeEngine:345 - Generated code: /home/feelmu/STM32_Code/stm32/Week2_Timers_PWM/02_Timer2/Core/Inc/stm32f4xx_hal_conf.h
2025-11-27 15:47:42,468 [INFO] CodeEngine:265 - oldGeneratedFile, /home/feelmu/STM32_Code/stm32/Week2_Timers_PWM/02_Timer2/Core/Inc/main.h_save
2025-11-27 15:47:42,506 [INFO] CodeEngine:289 - Generated code: /home/feelmu/STM32_Code/stm32/Week2_Timers_PWM/02_Timer2/Core/Inc/main.h
2025-11-27 15:47:42,507 [INFO] CodeEngine:265 - oldGeneratedFile, /home/feelmu/STM32_Code/stm32/Week2_Timers_PWM/02_Timer2/Core/Src/main.c_save
2025-11-27 15:47:42,565 [INFO] CodeEngine:289 - Generated code: /home/feelmu/STM32_Code/stm32/Week2_Timers_PWM/02_Timer2/Core/Src/main.c
2025-11-27 15:47:42,687 [INFO] ProjectBuilder:3606 - Time for Copy HAL[1] : 12mS.
2025-11-27 15:47:42,688 [INFO] ProjectBuilder:5216 - Project Generator version: 4.7.0-B52
2025-11-27 15:47:42,741 [INFO] ConfigFileManager:1595 - The Die is : DIE433
2025-11-27 15:47:43,179 [INFO] ProjectBuilder:5496 - Time for Generating toolchain IDE Files: 491mS.
2025-11-27 15:47:43,179 [INFO] ProjectBuilder:3463 - Time for Copy CMSIS : 0mS.
2025-11-27 15:47:43,180 [INFO] ProjectBuilder:3463 - Time for Copy CMSIS : 0mS.
2025-11-27 16:24:07,352 [INFO] NvicIntPanel:101 - NVIC parent = com.st.microxplorer.plugins.ip.nvic.MultiNvicIntPanel[,0,0,0x0,invalid,layout=javax.swing.BoxLayout,alignmentX=0.0,alignmentY=0.0,border=,flags=9,maximumSize=,minimumSize=,preferredSize=]
2025-11-27 16:27:01,911 [INFO] NvicIntPanel:101 - NVIC parent = com.st.microxplorer.plugins.ip.nvic.MultiNvicIntPanel[,0,0,0x0,invalid,layout=javax.swing.BoxLayout,alignmentX=0.0,alignmentY=0.0,border=,flags=9,maximumSize=,minimumSize=,preferredSize=]
2025-11-27 16:28:02,992 [INFO] NvicIntPanel:101 - NVIC parent = com.st.microxplorer.plugins.ip.nvic.MultiNvicIntPanel[,0,0,0x0,invalid,layout=javax.swing.BoxLayout,alignmentX=0.0,alignmentY=0.0,border=,flags=9,maximumSize=,minimumSize=,preferredSize=]
2025-11-27 16:37:33,177 [INFO] UtilMem:75 - End SaveConfig() Used Memory: 444411400 Bytes (814743552)
2025-11-27 16:37:35,821 [INFO] UtilMem:75 - End SaveConfig() Used Memory: 507932384 Bytes (814743552)
2025-11-27 16:37:36,052 [INFO] BlockDiagram:2775 - set Specific Code input for plugin: NVIC
2025-11-27 16:37:36,052 [INFO] BlockDiagram:2775 - set Specific Code input for plugin: USART
2025-11-27 16:37:36,052 [INFO] BlockDiagram:2775 - set Specific Code input for plugin: TIM1_8
2025-11-27 16:37:36,052 [INFO] BlockDiagram:2775 - set Specific Code input for plugin: SYS
2025-11-27 16:37:36,053 [INFO] BlockDiagram:2775 - set Specific Code input for plugin: GPIO
2025-11-27 16:37:36,053 [INFO] BlockDiagram:2775 - set Specific Code input for plugin: RCC
2025-11-27 16:37:36,053 [INFO] CodeGenerator:892 - code generatio: config db path: /opt/st/stm32cubeide_1.19.0/plugins/com.st.stm32cube.common.mx_6.15.0.202507011659//db/
2025-11-27 16:37:36,110 [INFO] CodeEngine:265 - oldGeneratedFile, /home/feelmu/STM32_Code/stm32/Week2_Timers_PWM/02_Timer2/MXTmpFiles/license.tmp_save
2025-11-27 16:37:36,301 [INFO] CodeEngine:289 - Generated code: /home/feelmu/STM32_Code/stm32/Week2_Timers_PWM/02_Timer2/MXTmpFiles/license.tmp
2025-11-27 16:37:36,323 [INFO] CodeEngine:265 - oldGeneratedFile, /home/feelmu/STM32_Code/stm32/Week2_Timers_PWM/02_Timer2/MXTmpFiles/gpio.tmp_save
2025-11-27 16:37:36,430 [INFO] CodeEngine:289 - Generated code: /home/feelmu/STM32_Code/stm32/Week2_Timers_PWM/02_Timer2/MXTmpFiles/gpio.tmp
2025-11-27 16:37:36,553 [INFO] CodeEngine:265 - oldGeneratedFile, /home/feelmu/STM32_Code/stm32/Week2_Timers_PWM/02_Timer2/Core/Src/stm32f4xx_it.c_save
2025-11-27 16:37:36,788 [INFO] CodeEngine:289 - Generated code: /home/feelmu/STM32_Code/stm32/Week2_Timers_PWM/02_Timer2/Core/Src/stm32f4xx_it.c
2025-11-27 16:37:36,789 [INFO] CodeEngine:265 - oldGeneratedFile, /home/feelmu/STM32_Code/stm32/Week2_Timers_PWM/02_Timer2/Core/Inc/stm32f4xx_it.h_save
2025-11-27 16:37:36,856 [INFO] CodeEngine:289 - Generated code: /home/feelmu/STM32_Code/stm32/Week2_Timers_PWM/02_Timer2/Core/Inc/stm32f4xx_it.h
2025-11-27 16:37:36,859 [INFO] CodeEngine:265 - oldGeneratedFile, /home/feelmu/STM32_Code/stm32/Week2_Timers_PWM/02_Timer2/Core/Src/stm32f4xx_hal_msp.c_save
2025-11-27 16:37:36,990 [INFO] CodeEngine:289 - Generated code: /home/feelmu/STM32_Code/stm32/Week2_Timers_PWM/02_Timer2/Core/Src/stm32f4xx_hal_msp.c
2025-11-27 16:37:36,992 [INFO] CodeEngine:265 - oldGeneratedFile, /home/feelmu/STM32_Code/stm32/Week2_Timers_PWM/02_Timer2/MXTmpFiles/system.tmp_save
2025-11-27 16:37:37,054 [INFO] CodeEngine:289 - Generated code: /home/feelmu/STM32_Code/stm32/Week2_Timers_PWM/02_Timer2/MXTmpFiles/system.tmp
2025-11-27 16:37:37,056 [INFO] CodeEngine:321 - oldGeneratedFile, /home/feelmu/STM32_Code/stm32/Week2_Timers_PWM/02_Timer2/Core/Inc/stm32f4xx_hal_conf.h_save
2025-11-27 16:37:37,158 [INFO] CodeEngine:345 - Generated code: /home/feelmu/STM32_Code/stm32/Week2_Timers_PWM/02_Timer2/Core/Inc/stm32f4xx_hal_conf.h
2025-11-27 16:37:37,192 [INFO] ApiDbMcu:532 - Load IP Config File for TIM4
2025-11-27 16:37:37,193 [WARN] IPConfigManager:3811 - IP not found : TIM
2025-11-27 16:37:37,193 [WARN] CodeGenerator:4259 - IP not found : null
2025-11-27 16:37:37,195 [INFO] CodeEngine:265 - oldGeneratedFile, /home/feelmu/STM32_Code/stm32/Week2_Timers_PWM/02_Timer2/Core/Inc/main.h_save
2025-11-27 16:37:37,299 [INFO] CodeEngine:289 - Generated code: /home/feelmu/STM32_Code/stm32/Week2_Timers_PWM/02_Timer2/Core/Inc/main.h
2025-11-27 16:37:37,301 [INFO] CodeEngine:265 - oldGeneratedFile, /home/feelmu/STM32_Code/stm32/Week2_Timers_PWM/02_Timer2/Core/Src/main.c_save
2025-11-27 16:37:37,420 [INFO] CodeEngine:289 - Generated code: /home/feelmu/STM32_Code/stm32/Week2_Timers_PWM/02_Timer2/Core/Src/main.c
2025-11-27 16:37:37,554 [INFO] ProjectBuilder:3606 - Time for Copy HAL[1] : 13mS.
2025-11-27 16:37:37,555 [INFO] ProjectBuilder:5216 - Project Generator version: 4.7.0-B52
2025-11-27 16:37:37,622 [INFO] ConfigFileManager:1595 - The Die is : DIE433
2025-11-27 16:37:38,275 [INFO] ProjectBuilder:5496 - Time for Generating toolchain IDE Files: 720mS.
2025-11-27 16:37:38,275 [INFO] ProjectBuilder:3463 - Time for Copy CMSIS : 0mS.
2025-11-27 16:37:38,276 [INFO] ProjectBuilder:3463 - Time for Copy CMSIS : 0mS.
2025-11-27 16:50:01,235 [INFO] NvicIntPanel:101 - NVIC parent = com.st.microxplorer.plugins.ip.nvic.MultiNvicIntPanel[,0,0,0x0,invalid,layout=javax.swing.BoxLayout,alignmentX=0.0,alignmentY=0.0,border=,flags=9,maximumSize=,minimumSize=,preferredSize=]
2025-11-27 16:50:07,759 [INFO] NvicIntPanel:101 - NVIC parent = com.st.microxplorer.plugins.ip.nvic.MultiNvicIntPanel[,0,0,0x0,invalid,layout=javax.swing.BoxLayout,alignmentX=0.0,alignmentY=0.0,border=,flags=9,maximumSize=,minimumSize=,preferredSize=]
2025-11-27 16:50:24,259 [INFO] UtilMem:75 - End SaveConfig() Used Memory: 423415056 Bytes (816840704)
2025-11-27 16:50:26,401 [INFO] UtilMem:75 - End SaveConfig() Used Memory: 476217568 Bytes (816840704)
2025-11-27 16:50:26,465 [INFO] BlockDiagram:2775 - set Specific Code input for plugin: NVIC
2025-11-27 16:50:26,465 [INFO] BlockDiagram:2775 - set Specific Code input for plugin: USART
2025-11-27 16:50:26,465 [INFO] BlockDiagram:2775 - set Specific Code input for plugin: TIM1_8
2025-11-27 16:50:26,465 [INFO] BlockDiagram:2775 - set Specific Code input for plugin: SYS
2025-11-27 16:50:26,465 [INFO] BlockDiagram:2775 - set Specific Code input for plugin: GPIO
2025-11-27 16:50:26,465 [INFO] BlockDiagram:2775 - set Specific Code input for plugin: RCC
2025-11-27 16:50:26,466 [INFO] CodeGenerator:892 - code generatio: config db path: /opt/st/stm32cubeide_1.19.0/plugins/com.st.stm32cube.common.mx_6.15.0.202507011659//db/
2025-11-27 16:50:26,517 [INFO] CodeEngine:265 - oldGeneratedFile, /home/feelmu/STM32_Code/stm32/Week2_Timers_PWM/02_Timer2/MXTmpFiles/license.tmp_save
2025-11-27 16:50:26,679 [INFO] CodeEngine:289 - Generated code: /home/feelmu/STM32_Code/stm32/Week2_Timers_PWM/02_Timer2/MXTmpFiles/license.tmp
2025-11-27 16:50:26,693 [INFO] CodeEngine:265 - oldGeneratedFile, /home/feelmu/STM32_Code/stm32/Week2_Timers_PWM/02_Timer2/MXTmpFiles/gpio.tmp_save
2025-11-27 16:50:26,842 [INFO] CodeEngine:289 - Generated code: /home/feelmu/STM32_Code/stm32/Week2_Timers_PWM/02_Timer2/MXTmpFiles/gpio.tmp
2025-11-27 16:50:26,933 [INFO] CodeEngine:265 - oldGeneratedFile, /home/feelmu/STM32_Code/stm32/Week2_Timers_PWM/02_Timer2/Core/Src/stm32f4xx_it.c_save
2025-11-27 16:50:27,057 [INFO] CodeEngine:289 - Generated code: /home/feelmu/STM32_Code/stm32/Week2_Timers_PWM/02_Timer2/Core/Src/stm32f4xx_it.c
2025-11-27 16:50:27,058 [INFO] CodeEngine:265 - oldGeneratedFile, /home/feelmu/STM32_Code/stm32/Week2_Timers_PWM/02_Timer2/Core/Inc/stm32f4xx_it.h_save
2025-11-27 16:50:27,146 [INFO] CodeEngine:289 - Generated code: /home/feelmu/STM32_Code/stm32/Week2_Timers_PWM/02_Timer2/Core/Inc/stm32f4xx_it.h
2025-11-27 16:50:27,150 [INFO] CodeEngine:265 - oldGeneratedFile, /home/feelmu/STM32_Code/stm32/Week2_Timers_PWM/02_Timer2/Core/Src/stm32f4xx_hal_msp.c_save
2025-11-27 16:50:27,296 [INFO] CodeEngine:289 - Generated code: /home/feelmu/STM32_Code/stm32/Week2_Timers_PWM/02_Timer2/Core/Src/stm32f4xx_hal_msp.c
2025-11-27 16:50:27,297 [INFO] CodeEngine:265 - oldGeneratedFile, /home/feelmu/STM32_Code/stm32/Week2_Timers_PWM/02_Timer2/MXTmpFiles/system.tmp_save
2025-11-27 16:50:27,378 [INFO] CodeEngine:289 - Generated code: /home/feelmu/STM32_Code/stm32/Week2_Timers_PWM/02_Timer2/MXTmpFiles/system.tmp
2025-11-27 16:50:27,380 [INFO] CodeEngine:321 - oldGeneratedFile, /home/feelmu/STM32_Code/stm32/Week2_Timers_PWM/02_Timer2/Core/Inc/stm32f4xx_hal_conf.h_save
2025-11-27 16:50:27,479 [INFO] CodeEngine:345 - Generated code: /home/feelmu/STM32_Code/stm32/Week2_Timers_PWM/02_Timer2/Core/Inc/stm32f4xx_hal_conf.h
2025-11-27 16:50:27,505 [INFO] ApiDbMcu:532 - Load IP Config File for TIM2
2025-11-27 16:50:27,506 [WARN] IPConfigManager:3811 - IP not found : TIM
2025-11-27 16:50:27,506 [WARN] CodeGenerator:4259 - IP not found : null
2025-11-27 16:50:27,508 [INFO] CodeEngine:265 - oldGeneratedFile, /home/feelmu/STM32_Code/stm32/Week2_Timers_PWM/02_Timer2/Core/Inc/main.h_save
2025-11-27 16:50:27,602 [INFO] CodeEngine:289 - Generated code: /home/feelmu/STM32_Code/stm32/Week2_Timers_PWM/02_Timer2/Core/Inc/main.h
2025-11-27 16:50:27,603 [INFO] CodeEngine:265 - oldGeneratedFile, /home/feelmu/STM32_Code/stm32/Week2_Timers_PWM/02_Timer2/Core/Src/main.c_save
2025-11-27 16:50:27,728 [INFO] CodeEngine:289 - Generated code: /home/feelmu/STM32_Code/stm32/Week2_Timers_PWM/02_Timer2/Core/Src/main.c
2025-11-27 16:50:27,848 [INFO] ProjectBuilder:3606 - Time for Copy HAL[1] : 11mS.
2025-11-27 16:50:27,849 [INFO] ProjectBuilder:5216 - Project Generator version: 4.7.0-B52
2025-11-27 16:50:27,954 [INFO] ConfigFileManager:1595 - The Die is : DIE433
2025-11-27 16:50:28,699 [INFO] ProjectBuilder:5496 - Time for Generating toolchain IDE Files: 850mS.
2025-11-27 16:50:28,699 [INFO] ProjectBuilder:3463 - Time for Copy CMSIS : 0mS.
2025-11-27 16:50:28,700 [INFO] ProjectBuilder:3463 - Time for Copy CMSIS : 1mS.
2025-11-27 16:56:09,114 [INFO] NvicIntPanel:101 - NVIC parent = com.st.microxplorer.plugins.ip.nvic.MultiNvicIntPanel[,0,0,0x0,invalid,layout=javax.swing.BoxLayout,alignmentX=0.0,alignmentY=0.0,border=,flags=9,maximumSize=,minimumSize=,preferredSize=]
2025-11-27 16:56:20,907 [INFO] NvicIntPanel:101 - NVIC parent = com.st.microxplorer.plugins.ip.nvic.MultiNvicIntPanel[,0,0,0x0,invalid,layout=javax.swing.BoxLayout,alignmentX=0.0,alignmentY=0.0,border=,flags=9,maximumSize=,minimumSize=,preferredSize=]
2025-11-27 16:56:22,691 [INFO] NvicIntPanel:101 - NVIC parent = com.st.microxplorer.plugins.ip.nvic.MultiNvicIntPanel[,0,0,0x0,invalid,layout=javax.swing.BoxLayout,alignmentX=0.0,alignmentY=0.0,border=,flags=9,maximumSize=,minimumSize=,preferredSize=]
2025-11-27 16:56:27,831 [INFO] NvicIntPanel:101 - NVIC parent = com.st.microxplorer.plugins.ip.nvic.MultiNvicIntPanel[,0,0,0x0,invalid,layout=javax.swing.BoxLayout,alignmentX=0.0,alignmentY=0.0,border=,flags=9,maximumSize=,minimumSize=,preferredSize=]
2025-11-27 16:56:38,763 [INFO] UtilMem:75 - End SaveConfig() Used Memory: 476628608 Bytes (816840704)
2025-11-27 16:56:40,864 [INFO] UtilMem:75 - End SaveConfig() Used Memory: 377814024 Bytes (816840704)
2025-11-27 16:56:40,958 [INFO] BlockDiagram:2775 - set Specific Code input for plugin: NVIC
2025-11-27 16:56:40,958 [INFO] BlockDiagram:2775 - set Specific Code input for plugin: USART
2025-11-27 16:56:40,958 [INFO] BlockDiagram:2775 - set Specific Code input for plugin: TIM1_8
2025-11-27 16:56:40,959 [INFO] BlockDiagram:2775 - set Specific Code input for plugin: SYS
2025-11-27 16:56:40,959 [INFO] BlockDiagram:2775 - set Specific Code input for plugin: GPIO
2025-11-27 16:56:40,959 [INFO] BlockDiagram:2775 - set Specific Code input for plugin: RCC
2025-11-27 16:56:40,959 [INFO] CodeGenerator:892 - code generatio: config db path: /opt/st/stm32cubeide_1.19.0/plugins/com.st.stm32cube.common.mx_6.15.0.202507011659//db/
2025-11-27 16:56:41,036 [INFO] CodeEngine:265 - oldGeneratedFile, /home/feelmu/STM32_Code/stm32/Week2_Timers_PWM/02_Timer2/MXTmpFiles/license.tmp_save
2025-11-27 16:56:41,084 [INFO] CodeEngine:289 - Generated code: /home/feelmu/STM32_Code/stm32/Week2_Timers_PWM/02_Timer2/MXTmpFiles/license.tmp
2025-11-27 16:56:41,090 [INFO] CodeEngine:265 - oldGeneratedFile, /home/feelmu/STM32_Code/stm32/Week2_Timers_PWM/02_Timer2/MXTmpFiles/gpio.tmp_save
2025-11-27 16:56:41,130 [INFO] CodeEngine:289 - Generated code: /home/feelmu/STM32_Code/stm32/Week2_Timers_PWM/02_Timer2/MXTmpFiles/gpio.tmp
2025-11-27 16:56:41,161 [INFO] CodeEngine:265 - oldGeneratedFile, /home/feelmu/STM32_Code/stm32/Week2_Timers_PWM/02_Timer2/Core/Src/stm32f4xx_it.c_save
2025-11-27 16:56:41,212 [INFO] CodeEngine:289 - Generated code: /home/feelmu/STM32_Code/stm32/Week2_Timers_PWM/02_Timer2/Core/Src/stm32f4xx_it.c
2025-11-27 16:56:41,213 [INFO] CodeEngine:265 - oldGeneratedFile, /home/feelmu/STM32_Code/stm32/Week2_Timers_PWM/02_Timer2/Core/Inc/stm32f4xx_it.h_save
2025-11-27 16:56:41,250 [INFO] CodeEngine:289 - Generated code: /home/feelmu/STM32_Code/stm32/Week2_Timers_PWM/02_Timer2/Core/Inc/stm32f4xx_it.h
2025-11-27 16:56:41,254 [INFO] CodeEngine:265 - oldGeneratedFile, /home/feelmu/STM32_Code/stm32/Week2_Timers_PWM/02_Timer2/Core/Src/stm32f4xx_hal_msp.c_save
2025-11-27 16:56:41,315 [INFO] CodeEngine:289 - Generated code: /home/feelmu/STM32_Code/stm32/Week2_Timers_PWM/02_Timer2/Core/Src/stm32f4xx_hal_msp.c
2025-11-27 16:56:41,316 [INFO] CodeEngine:265 - oldGeneratedFile, /home/feelmu/STM32_Code/stm32/Week2_Timers_PWM/02_Timer2/MXTmpFiles/system.tmp_save
2025-11-27 16:56:41,350 [INFO] CodeEngine:289 - Generated code: /home/feelmu/STM32_Code/stm32/Week2_Timers_PWM/02_Timer2/MXTmpFiles/system.tmp
2025-11-27 16:56:41,352 [INFO] CodeEngine:321 - oldGeneratedFile, /home/feelmu/STM32_Code/stm32/Week2_Timers_PWM/02_Timer2/Core/Inc/stm32f4xx_hal_conf.h_save
2025-11-27 16:56:41,393 [INFO] CodeEngine:345 - Generated code: /home/feelmu/STM32_Code/stm32/Week2_Timers_PWM/02_Timer2/Core/Inc/stm32f4xx_hal_conf.h
2025-11-27 16:56:41,401 [WARN] IPConfigManager:3811 - IP not found : TIM
2025-11-27 16:56:41,401 [WARN] CodeGenerator:4259 - IP not found : null
2025-11-27 16:56:41,402 [INFO] CodeEngine:265 - oldGeneratedFile, /home/feelmu/STM32_Code/stm32/Week2_Timers_PWM/02_Timer2/Core/Inc/main.h_save
2025-11-27 16:56:41,443 [INFO] CodeEngine:289 - Generated code: /home/feelmu/STM32_Code/stm32/Week2_Timers_PWM/02_Timer2/Core/Inc/main.h
2025-11-27 16:56:41,444 [INFO] CodeEngine:265 - oldGeneratedFile, /home/feelmu/STM32_Code/stm32/Week2_Timers_PWM/02_Timer2/Core/Src/main.c_save
2025-11-27 16:56:41,508 [INFO] CodeEngine:289 - Generated code: /home/feelmu/STM32_Code/stm32/Week2_Timers_PWM/02_Timer2/Core/Src/main.c
2025-11-27 16:56:41,632 [INFO] ProjectBuilder:3606 - Time for Copy HAL[1] : 11mS.
2025-11-27 16:56:41,633 [INFO] ProjectBuilder:5216 - Project Generator version: 4.7.0-B52
2025-11-27 16:56:41,689 [INFO] ConfigFileManager:1595 - The Die is : DIE433
2025-11-27 16:56:42,211 [INFO] ProjectBuilder:5496 - Time for Generating toolchain IDE Files: 578mS.
2025-11-27 16:56:42,212 [INFO] ProjectBuilder:3463 - Time for Copy CMSIS : 0mS.
2025-11-27 16:56:42,212 [INFO] ProjectBuilder:3463 - Time for Copy CMSIS : 0mS.
2025-11-27 16:58:38,103 [INFO] UtilMem:75 - End SaveConfig() Used Memory: 509648888 Bytes (816840704)
2025-11-27 16:58:38,163 [INFO] BlockDiagram:2775 - set Specific Code input for plugin: NVIC
2025-11-27 16:58:38,164 [INFO] BlockDiagram:2775 - set Specific Code input for plugin: USART
2025-11-27 16:58:38,164 [INFO] BlockDiagram:2775 - set Specific Code input for plugin: TIM1_8
2025-11-27 16:58:38,164 [INFO] BlockDiagram:2775 - set Specific Code input for plugin: SYS
2025-11-27 16:58:38,164 [INFO] BlockDiagram:2775 - set Specific Code input for plugin: GPIO
2025-11-27 16:58:38,164 [INFO] BlockDiagram:2775 - set Specific Code input for plugin: RCC
2025-11-27 16:58:38,165 [INFO] CodeGenerator:892 - code generatio: config db path: /opt/st/stm32cubeide_1.19.0/plugins/com.st.stm32cube.common.mx_6.15.0.202507011659//db/
2025-11-27 16:58:38,218 [INFO] CodeEngine:265 - oldGeneratedFile, /home/feelmu/STM32_Code/stm32/Week2_Timers_PWM/02_Timer2/MXTmpFiles/license.tmp_save
2025-11-27 16:58:38,267 [INFO] CodeEngine:289 - Generated code: /home/feelmu/STM32_Code/stm32/Week2_Timers_PWM/02_Timer2/MXTmpFiles/license.tmp
2025-11-27 16:58:38,273 [INFO] CodeEngine:265 - oldGeneratedFile, /home/feelmu/STM32_Code/stm32/Week2_Timers_PWM/02_Timer2/MXTmpFiles/gpio.tmp_save
2025-11-27 16:58:38,311 [INFO] CodeEngine:289 - Generated code: /home/feelmu/STM32_Code/stm32/Week2_Timers_PWM/02_Timer2/MXTmpFiles/gpio.tmp
2025-11-27 16:58:38,341 [INFO] CodeEngine:265 - oldGeneratedFile, /home/feelmu/STM32_Code/stm32/Week2_Timers_PWM/02_Timer2/Core/Src/stm32f4xx_it.c_save
2025-11-27 16:58:38,393 [INFO] CodeEngine:289 - Generated code: /home/feelmu/STM32_Code/stm32/Week2_Timers_PWM/02_Timer2/Core/Src/stm32f4xx_it.c
2025-11-27 16:58:38,393 [INFO] CodeEngine:265 - oldGeneratedFile, /home/feelmu/STM32_Code/stm32/Week2_Timers_PWM/02_Timer2/Core/Inc/stm32f4xx_it.h_save
2025-11-27 16:58:38,429 [INFO] CodeEngine:289 - Generated code: /home/feelmu/STM32_Code/stm32/Week2_Timers_PWM/02_Timer2/Core/Inc/stm32f4xx_it.h
2025-11-27 16:58:38,432 [INFO] CodeEngine:265 - oldGeneratedFile, /home/feelmu/STM32_Code/stm32/Week2_Timers_PWM/02_Timer2/Core/Src/stm32f4xx_hal_msp.c_save
2025-11-27 16:58:38,491 [INFO] CodeEngine:289 - Generated code: /home/feelmu/STM32_Code/stm32/Week2_Timers_PWM/02_Timer2/Core/Src/stm32f4xx_hal_msp.c
2025-11-27 16:58:38,493 [INFO] CodeEngine:265 - oldGeneratedFile, /home/feelmu/STM32_Code/stm32/Week2_Timers_PWM/02_Timer2/MXTmpFiles/system.tmp_save
2025-11-27 16:58:38,529 [INFO] CodeEngine:289 - Generated code: /home/feelmu/STM32_Code/stm32/Week2_Timers_PWM/02_Timer2/MXTmpFiles/system.tmp
2025-11-27 16:58:38,531 [INFO] CodeEngine:321 - oldGeneratedFile, /home/feelmu/STM32_Code/stm32/Week2_Timers_PWM/02_Timer2/Core/Inc/stm32f4xx_hal_conf.h_save
2025-11-27 16:58:38,573 [INFO] CodeEngine:345 - Generated code: /home/feelmu/STM32_Code/stm32/Week2_Timers_PWM/02_Timer2/Core/Inc/stm32f4xx_hal_conf.h
2025-11-27 16:58:38,583 [WARN] IPConfigManager:3811 - IP not found : TIM
2025-11-27 16:58:38,583 [WARN] CodeGenerator:4259 - IP not found : null
2025-11-27 16:58:38,585 [INFO] CodeEngine:265 - oldGeneratedFile, /home/feelmu/STM32_Code/stm32/Week2_Timers_PWM/02_Timer2/Core/Inc/main.h_save
2025-11-27 16:58:38,628 [INFO] CodeEngine:289 - Generated code: /home/feelmu/STM32_Code/stm32/Week2_Timers_PWM/02_Timer2/Core/Inc/main.h
2025-11-27 16:58:38,629 [INFO] CodeEngine:265 - oldGeneratedFile, /home/feelmu/STM32_Code/stm32/Week2_Timers_PWM/02_Timer2/Core/Src/main.c_save
2025-11-27 16:58:38,687 [INFO] CodeEngine:289 - Generated code: /home/feelmu/STM32_Code/stm32/Week2_Timers_PWM/02_Timer2/Core/Src/main.c
2025-11-27 16:58:38,845 [INFO] ProjectBuilder:3606 - Time for Copy HAL[1] : 12mS.
2025-11-27 16:58:38,847 [INFO] ProjectBuilder:5216 - Project Generator version: 4.7.0-B52
2025-11-27 16:58:38,938 [INFO] ConfigFileManager:1595 - The Die is : DIE433
2025-11-27 16:58:39,335 [INFO] ProjectBuilder:5496 - Time for Generating toolchain IDE Files: 487mS.
2025-11-27 16:58:39,335 [INFO] ProjectBuilder:3463 - Time for Copy CMSIS : 0mS.
2025-11-27 16:58:39,335 [INFO] ProjectBuilder:3463 - Time for Copy CMSIS : 0mS.
